<?xml version="1.0" encoding="UTF-8" ?>
<testsuites name="vitest tests" tests="82" failures="0" errors="0" time="7.617461877">
    <testsuite name="tests/contract/contracts.test.ts" timestamp="2026-09-05T09:41:36.450Z" hostname="0000deMacBook-Pro.local" tests="4" failures="0" errors="0" skipped="0" time="0.002375875">
        <testcase classname="tests/contract/contracts.test.ts" name="approved contract constants &gt; keeps the Spec defaults immutable" time="0.001167875">
        </testcase>
        <testcase classname="tests/contract/contracts.test.ts" name="approved contract constants &gt; recognizes only the four approved data statuses" time="0.000124959">
        </testcase>
        <testcase classname="tests/contract/contracts.test.ts" name="approved contract constants &gt; validates wallet shape without implying identity" time="0.00017675">
        </testcase>
        <testcase classname="tests/contract/contracts.test.ts" name="approved contract constants &gt; clamps confidence and preserves conservative status precedence" time="0.000177791">
        </testcase>
    </testsuite>
    <testsuite name="tests/erc8004/erc8004.test.ts" timestamp="2026-09-05T09:41:36.451Z" hostname="0000deMacBook-Pro.local" tests="3" failures="0" errors="0" skipped="0" time="0.002573042">
        <testcase classname="tests/erc8004/erc8004.test.ts" name="ERC-8004 bounded integration &gt; locks the approved registries and validation boundary" time="0.001020042">
        </testcase>
        <testcase classname="tests/erc8004/erc8004.test.ts" name="ERC-8004 bounded integration &gt; requires owner=payment and a distinct client" time="0.0002085">
        </testcase>
        <testcase classname="tests/erc8004/erc8004.test.ts" name="ERC-8004 bounded integration &gt; exposes one root identity and no validation claim" time="0.000155417">
        </testcase>
    </testsuite>
    <testsuite name="tests/extension/extension.test.ts" timestamp="2026-09-05T09:41:36.452Z" hostname="0000deMacBook-Pro.local" tests="2" failures="0" errors="0" skipped="0" time="0.004069458">
        <testcase classname="tests/extension/extension.test.ts" name="MV3 extension boundary &gt; uses minimal read-only permissions" time="0.002521166">
        </testcase>
        <testcase classname="tests/extension/extension.test.ts" name="MV3 extension boundary &gt; does not declare wallet or signing capabilities" time="0.000278375">
        </testcase>
    </testsuite>
    <testsuite name="tests/integration/api.test.ts" timestamp="2026-09-05T09:41:36.452Z" hostname="0000deMacBook-Pro.local" tests="6" failures="0" errors="0" skipped="0" time="6.281475542">
        <testcase classname="tests/integration/api.test.ts" name="API payment boundary &gt; keeps recorded mode on the root 402 envelope and preserves x402 terms" time="0.052570125">
        </testcase>
        <testcase classname="tests/integration/api.test.ts" name="API payment boundary &gt; preserves live mode on the root 402 envelope" time="3.055489958">
        </testcase>
        <testcase classname="tests/integration/api.test.ts" name="API payment boundary &gt; keeps the v1 platform detail boundary mode-aware and unpaid" time="3.025014">
        </testcase>
        <testcase classname="tests/integration/api.test.ts" name="API payment boundary &gt; uses the request mode in the configured x402 unpaid callback" time="0.000772666">
        </testcase>
        <testcase classname="tests/integration/api.test.ts" name="API payment boundary &gt; keeps normal recorded Summary status and reports database availability separately" time="0.085518125">
        </testcase>
        <testcase classname="tests/integration/api.test.ts" name="API payment boundary &gt; returns recorded unattributed detail without a payment challenge" time="0.060911667">
        </testcase>
    </testsuite>
    <testsuite name="tests/integration/audit.test.ts" timestamp="2026-09-05T09:41:36.453Z" hostname="0000deMacBook-Pro.local" tests="2" failures="0" errors="0" skipped="0" time="0.542461292">
        <testcase classname="tests/integration/audit.test.ts" name="Audit &amp; Report Agent integration &gt; records a recorded summary run, exposes all logical workers, and exports Markdown" time="0.16858025">
        </testcase>
        <testcase classname="tests/integration/audit.test.ts" name="Audit &amp; Report Agent integration &gt; records a free unattributed detail result without persisting a payment challenge" time="0.372947792">
        </testcase>
    </testsuite>
    <testsuite name="tests/integration/cluster-language.test.ts" timestamp="2026-09-05T09:41:36.453Z" hostname="0000deMacBook-Pro.local" tests="1" failures="0" errors="0" skipped="0" time="0.219874709">
        <testcase classname="tests/integration/cluster-language.test.ts" name="cluster/language report integration &gt; keeps recorded status and exposes conservative cluster fields" time="0.219037791">
        </testcase>
    </testsuite>
    <testsuite name="tests/integration/payment-idempotency.test.ts" timestamp="2026-09-05T09:41:36.453Z" hostname="0000deMacBook-Pro.local" tests="3" failures="0" errors="0" skipped="0" time="0.0157285">
        <testcase classname="tests/integration/payment-idempotency.test.ts" name="bounded payment identifier replay &gt; replays the same terminal response and does not call the handler twice" time="0.006094875">
        </testcase>
        <testcase classname="tests/integration/payment-idempotency.test.ts" name="bounded payment identifier replay &gt; fails closed for an identifier reused with a different request" time="0.002075583">
        </testcase>
        <testcase classname="tests/integration/payment-idempotency.test.ts" name="bounded payment identifier replay &gt; coalesces concurrent duplicate requests" time="0.006648041">
        </testcase>
    </testsuite>
    <testsuite name="tests/integration/platform.test.ts" timestamp="2026-09-05T09:41:36.453Z" hostname="0000deMacBook-Pro.local" tests="1" failures="0" errors="0" skipped="0" time="0.210204667">
        <testcase classname="tests/integration/platform.test.ts" name="v0.7 platform orchestrator &gt; runs one deterministic orchestrator and keeps recorded status visible" time="0.209502459">
        </testcase>
    </testsuite>
    <testsuite name="tests/integration/synthetic.test.ts" timestamp="2026-09-05T09:41:36.453Z" hostname="0000deMacBook-Pro.local" tests="2" failures="0" errors="0" skipped="0" time="0.005604834">
        <testcase classname="tests/integration/synthetic.test.ts" name="synthetic contract and fault path &gt; keeps synthetic data out of the user Demo presets" time="0.002101916">
        </testcase>
        <testcase classname="tests/integration/synthetic.test.ts" name="synthetic contract and fault path &gt; keeps synthetic data explicit and becomes unattributed when live Anthropic is unavailable" time="0.002544041">
        </testcase>
    </testsuite>
    <testsuite name="tests/mcp/mcp.test.ts" timestamp="2026-09-05T09:41:36.453Z" hostname="0000deMacBook-Pro.local" tests="3" failures="0" errors="0" skipped="0" time="0.002719334">
        <testcase classname="tests/mcp/mcp.test.ts" name="MCP local eight-tool contract &gt; has exactly eight read-only tools" time="0.001300542">
        </testcase>
        <testcase classname="tests/mcp/mcp.test.ts" name="MCP local eight-tool contract &gt; does not expose a secret in tool output" time="0.000325834">
        </testcase>
        <testcase classname="tests/mcp/mcp.test.ts" name="MCP local eight-tool contract &gt; keeps detail behind the payment boundary" time="0.000226667">
        </testcase>
    </testsuite>
    <testsuite name="tests/rag/rag.test.ts" timestamp="2026-09-05T09:41:36.454Z" hostname="0000deMacBook-Pro.local" tests="3" failures="0" errors="0" skipped="0" time="0.22578375">
        <testcase classname="tests/rag/rag.test.ts" name="local RAG contract &gt; locks the approved model and never requires an embedding API key" time="0.001230625">
        </testcase>
        <testcase classname="tests/rag/rag.test.ts" name="local RAG contract &gt; uses explicit degraded keyword fallback when local inference is unavailable" time="0.215259125">
        </testcase>
        <testcase classname="tests/rag/rag.test.ts" name="local RAG contract &gt; does not return vector results from a missing model" time="0.008172041">
        </testcase>
    </testsuite>
    <testsuite name="tests/unit/cluster-language.test.ts" timestamp="2026-09-05T09:41:36.454Z" hostname="0000deMacBook-Pro.local" tests="6" failures="0" errors="0" skipped="0" time="0.015660875">
        <testcase classname="tests/unit/cluster-language.test.ts" name="cluster_without_verified_source &gt; passes the deterministic formal gate with five addresses" time="0.008209083">
        </testcase>
        <testcase classname="tests/unit/cluster-language.test.ts" name="cluster_without_verified_source &gt; deduplicates baseline rows before applying the minimum-sample gate" time="0.001718458">
        </testcase>
        <testcase classname="tests/unit/cluster-language.test.ts" name="cluster_without_verified_source &gt; uses a left-open/right-closed window and excludes SELL" time="0.002160292">
        </testcase>
        <testcase classname="tests/unit/cluster-language.test.ts" name="cluster_without_verified_source &gt; blocks formal alerts when the source state is unknown" time="0.001043">
        </testcase>
        <testcase classname="tests/unit/cluster-language.test.ts" name="cluster_without_verified_source &gt; blocks a contradictory not_found result when coverage is incomplete" time="0.001245375">
        </testcase>
        <testcase classname="tests/unit/cluster-language.test.ts" name="cluster_without_verified_source &gt; returns insufficient_baseline instead of filling missing history" time="0.000443583">
        </testcase>
    </testsuite>
    <testsuite name="tests/unit/decimal.test.ts" timestamp="2026-09-05T09:41:36.454Z" hostname="0000deMacBook-Pro.local" tests="2" failures="0" errors="0" skipped="0" time="0.004743416">
        <testcase classname="tests/unit/decimal.test.ts" name="fixed-point arithmetic &gt; parses decimal strings without binary threshold drift" time="0.002846541">
        </testcase>
        <testcase classname="tests/unit/decimal.test.ts" name="fixed-point arithmetic &gt; rejects invalid size, price and over-precise values" time="0.000467208">
        </testcase>
    </testsuite>
    <testsuite name="tests/unit/evidence-time.test.ts" timestamp="2026-09-05T09:41:36.454Z" hostname="0000deMacBook-Pro.local" tests="11" failures="0" errors="0" skipped="0" time="0.007822791">
        <testcase classname="tests/unit/evidence-time.test.ts" name="documented_language_window &gt; requires precise paired public timestamps for a language gap" time="0.001345625">
        </testcase>
        <testcase classname="tests/unit/evidence-time.test.ts" name="documented_language_window &gt; keeps date-only timing unknown" time="0.000289917">
        </testcase>
        <testcase classname="tests/unit/evidence-time.test.ts" name="documented_language_window &gt; does not verify a pair from publisher equality alone" time="0.000170958">
        </testcase>
        <testcase classname="tests/unit/evidence-time.test.ts" name="documented_language_window &gt; does not let discovery-only observations pass official-id pairing" time="0.000094625">
        </testcase>
        <testcase classname="tests/unit/evidence-time.test.ts" name="documented_language_window &gt; accepts an official cross-link only with normalized publisher, topic and date" time="0.000140667">
        </testcase>
        <testcase classname="tests/unit/evidence-time.test.ts" name="documented_language_window &gt; returns indeterminate when calibrated timestamp intervals overlap" time="0.000157291">
        </testcase>
        <testcase classname="tests/unit/evidence-time.test.ts" name="documented_language_window &gt; does not derive not_found from incomplete or date-only coverage" time="0.000125875">
        </testcase>
        <testcase classname="tests/unit/evidence-time.test.ts" name="documented_language_window &gt; keeps GDELT seendate as discovery first-seen, never published_at" time="0.00156725">
        </testcase>
        <testcase classname="tests/unit/evidence-time.test.ts" name="documented_language_window &gt; normalizes bilingual RSS items with public provenance" time="0.0019115">
        </testcase>
        <testcase classname="tests/unit/evidence-time.test.ts" name="documented_language_window &gt; reads the HKMA result.records shape without promoting date-only rows" time="0.000672292">
        </testcase>
        <testcase classname="tests/unit/evidence-time.test.ts" name="documented_language_window &gt; keeps a late language observation as a new revision" time="0.00016925">
        </testcase>
    </testsuite>
    <testsuite name="tests/unit/glossary.test.ts" timestamp="2026-09-05T09:41:36.455Z" hostname="0000deMacBook-Pro.local" tests="3" failures="0" errors="0" skipped="0" time="0.002228333">
        <testcase classname="tests/unit/glossary.test.ts" name="approved glossary &gt; has unique approved definitions with no pending entries" time="0.0009615">
        </testcase>
        <testcase classname="tests/unit/glossary.test.ts" name="approved glossary &gt; keeps D1 BUY-only and D4 conservative" time="0.000323">
        </testcase>
        <testcase classname="tests/unit/glossary.test.ts" name="approved glossary &gt; covers every displayed metric and protected status" time="0.000121041">
        </testcase>
    </testsuite>
    <testsuite name="tests/unit/http.test.ts" timestamp="2026-09-05T09:41:36.455Z" hostname="0000deMacBook-Pro.local" tests="2" failures="0" errors="0" skipped="0" time="0.019648875">
        <testcase classname="tests/unit/http.test.ts" name="bounded upstream HTTP adapter &gt; retries a 429 with Retry-After and returns the successful attempt" time="0.018094375">
        </testcase>
        <testcase classname="tests/unit/http.test.ts" name="bounded upstream HTTP adapter &gt; returns a structured timeout/upstream error after the configured attempt limit" time="0.000789167">
        </testcase>
    </testsuite>
    <testsuite name="tests/unit/i18n.test.ts" timestamp="2026-09-05T09:41:36.456Z" hostname="0000deMacBook-Pro.local" tests="2" failures="0" errors="0" skipped="0" time="0.002167125">
        <testcase classname="tests/unit/i18n.test.ts" name="UI locale contract &gt; defaults invalid or missing locale values to Simplified Chinese" time="0.000892625">
        </testcase>
        <testcase classname="tests/unit/i18n.test.ts" name="UI locale contract &gt; keeps identical typed dictionary keys in both locales" time="0.000543709">
        </testcase>
    </testsuite>
    <testsuite name="tests/unit/markdown.test.ts" timestamp="2026-09-05T09:41:36.456Z" hostname="0000deMacBook-Pro.local" tests="1" failures="0" errors="0" skipped="0" time="0.001793833">
        <testcase classname="tests/unit/markdown.test.ts" name="Audit Markdown renderer &gt; localizes headings while preserving raw IDs, statuses, URLs, flags, and disclaimer" time="0.001117459">
        </testcase>
    </testsuite>
    <testsuite name="tests/unit/observability.test.ts" timestamp="2026-09-05T09:41:36.456Z" hostname="0000deMacBook-Pro.local" tests="3" failures="0" errors="0" skipped="0" time="0.004221917">
        <testcase classname="tests/unit/observability.test.ts" name="audit observability contract &gt; validates a safe event and enforces monotonically increasing sequences" time="0.00279075">
        </testcase>
        <testcase classname="tests/unit/observability.test.ts" name="audit observability contract &gt; rejects credentials, payment signatures, JWTs, and private-key-shaped text" time="0.000349125">
        </testcase>
        <testcase classname="tests/unit/observability.test.ts" name="audit observability contract &gt; rejects absolute artifact paths and out-of-budget event cost" time="0.000232458">
        </testcase>
    </testsuite>
    <testsuite name="tests/unit/parser.test.ts" timestamp="2026-09-05T09:41:36.456Z" hostname="0000deMacBook-Pro.local" tests="2" failures="0" errors="0" skipped="0" time="0.002566625">
        <testcase classname="tests/unit/parser.test.ts" name="parseInput &gt; accepts wallet, market, event and profile inputs" time="0.001584541">
        </testcase>
        <testcase classname="tests/unit/parser.test.ts" name="parseInput &gt; rejects malformed and unsupported inputs before any upstream call" time="0.000232584">
        </testcase>
    </testsuite>
    <testsuite name="tests/unit/payment.test.ts" timestamp="2026-09-05T09:41:36.456Z" hostname="0000deMacBook-Pro.local" tests="2" failures="0" errors="0" skipped="0" time="0.002248875">
        <testcase classname="tests/unit/payment.test.ts" name="x402 payment policy &gt; accepts only the approved Base Sepolia exact terms" time="0.001124041">
        </testcase>
        <testcase classname="tests/unit/payment.test.ts" name="x402 payment policy &gt; rejects wrong network, asset, amount, recipient, and resource policy" time="0.00033375">
        </testcase>
    </testsuite>
    <testsuite name="tests/unit/provider.test.ts" timestamp="2026-09-05T09:41:36.456Z" hostname="0000deMacBook-Pro.local" tests="3" failures="0" errors="0" skipped="0" time="0.004047333">
        <testcase classname="tests/unit/provider.test.ts" name="Anthropic attribution contract &gt; accepts only supplied evidence IDs in an explicitly synthetic response" time="0.001459417">
        </testcase>
        <testcase classname="tests/unit/provider.test.ts" name="Anthropic attribution contract &gt; downgrades a response with no valid cited evidence to unattributed" time="0.000261">
        </testcase>
        <testcase classname="tests/unit/provider.test.ts" name="Anthropic attribution contract &gt; rejects invalid JSON and exposes missing live credentials without calling another provider" time="0.001436583">
        </testcase>
    </testsuite>
    <testsuite name="tests/unit/report-assembler.test.ts" timestamp="2026-09-05T09:41:36.457Z" hostname="0000deMacBook-Pro.local" tests="1" failures="0" errors="0" skipped="0" time="0.003346542">
        <testcase classname="tests/unit/report-assembler.test.ts" name="report assembler &gt; builds the public Summary and Detail contracts without changing the bundle" time="0.002236917">
        </testcase>
    </testsuite>
    <testsuite name="tests/unit/repricing.test.ts" timestamp="2026-09-05T09:41:36.457Z" hostname="0000deMacBook-Pro.local" tests="2" failures="0" errors="0" skipped="0" time="0.003604584">
        <testcase classname="tests/unit/repricing.test.ts" name="detectRepricingWindows &gt; uses the inclusive 0.08 threshold and 60-minute boundary" time="0.002499666">
        </testcase>
        <testcase classname="tests/unit/repricing.test.ts" name="detectRepricingWindows &gt; sorts input and deduplicates overlapping windows" time="0.000332709">
        </testcase>
    </testsuite>
    <testsuite name="tests/unit/source-calibration.test.ts" timestamp="2026-09-05T09:41:36.457Z" hostname="0000deMacBook-Pro.local" tests="3" failures="0" errors="0" skipped="0" time="0.003227459">
        <testcase classname="tests/unit/source-calibration.test.ts" name="timestamp calibration &gt; refuses to create a safety bound below thirty independent samples" time="0.001660792">
        </testcase>
        <testcase classname="tests/unit/source-calibration.test.ts" name="timestamp calibration &gt; uses absolute-error nearest-rank P95 at the minimum sample count" time="0.000277166">
        </testcase>
        <testcase classname="tests/unit/source-calibration.test.ts" name="timestamp calibration &gt; does not substitute the median for the safety bound" time="0.000442084">
        </testcase>
    </testsuite>
    <testsuite name="tests/unit/ui-state.test.ts" timestamp="2026-09-05T09:41:36.457Z" hostname="0000deMacBook-Pro.local" tests="1" failures="0" errors="0" skipped="0" time="0.001886333">
        <testcase classname="tests/unit/ui-state.test.ts" name="single-page UI state mapping &gt; maps HTTP and report outcomes to the approved six states" time="0.001096792">
        </testcase>
    </testsuite>
    <testsuite name="tests/unit/wallet.test.ts" timestamp="2026-09-05T09:41:36.457Z" hostname="0000deMacBook-Pro.local" tests="2" failures="0" errors="0" skipped="0" time="0.003427083">
        <testcase classname="tests/unit/wallet.test.ts" name="calculateWalletMetrics &gt; gates lead rate below 40% coverage" time="0.00218825">
        </testcase>
        <testcase classname="tests/unit/wallet.test.ts" name="calculateWalletMetrics &gt; does not calculate a capability conclusion for missing alignment" time="0.000380708">
        </testcase>
    </testsuite>
    <testsuite name="tests/websocket/market-ws.test.ts" timestamp="2026-09-05T09:41:36.457Z" hostname="0000deMacBook-Pro.local" tests="6" failures="0" errors="0" skipped="0" time="0.021948875">
        <testcase classname="tests/websocket/market-ws.test.ts" name="public Polymarket market websocket replay &gt; deduplicates events and records reconnect" time="0.001576916">
        </testcase>
        <testcase classname="tests/websocket/market-ws.test.ts" name="public Polymarket market websocket replay &gt; marks a stream stale without treating it as live" time="0.000145333">
        </testcase>
        <testcase classname="tests/websocket/market-ws.test.ts" name="public Polymarket market websocket replay &gt; uses a bounded REST fallback and reconciles after reconnect" time="0.000318792">
        </testcase>
        <testcase classname="tests/websocket/market-ws.test.ts" name="public Polymarket market websocket replay &gt; paginates until the cursor ends and deduplicates hydration rows" time="0.000580625">
        </testcase>
        <testcase classname="tests/websocket/market-ws.test.ts" name="public Polymarket market websocket replay &gt; uses the four bounded hydration attempts without changing live status" time="0.016815459">
        </testcase>
        <testcase classname="tests/websocket/market-ws.test.ts" name="public Polymarket market websocket replay &gt; hydrates a market trigger from the public Data API and reconciles duplicate rows" time="0.001503125">
        </testcase>
    </testsuite>
</testsuites>
